Build started 10/22/2016 7:11:51 PM.
     1>Project "C:\Users\TANGIRALA\MissionRnDProjects\C_Arrays\spec\spec.vcxproj" on node 2 (Build target(s)).
     1>Link:
         C:\Program Files (x86)\Microsoft Visual Studio 12.0\VC\bin\link.exe /ERRORREPORT:PROMPT /OUT:"C:\Users\TANGIRALA\MissionRnDProjects\C_Arrays\Debug\spec.dll" /INCREMENTAL /NOLOGO /LIBPATH:"C:\Program Files (x86)\Microsoft Visual Studio 12.0\VC\UnitTest\lib" kernel32.lib user32.lib gdi32.lib winspool.lib comdlg32.lib advapi32.lib shell32.lib ole32.lib oleaut32.lib uuid.lib odbc32.lib odbccp32.lib /MANIFEST /MANIFESTUAC:"level='asInvoker' uiAccess='false'" /manifest:embed /DEBUG /PDB:"C:\Users\TANGIRALA\MissionRnDProjects\C_Arrays\Debug\spec.pdb" /SUBSYSTEM:WINDOWS /TLBID:1 /DYNAMICBASE /NXCOMPAT /IMPLIB:"C:\Users\TANGIRALA\MissionRnDProjects\C_Arrays\Debug\spec.lib" /MACHINE:X86 /DLL Debug\maxPosNegSumSpec.obj
         Debug\nPrimeSpec.obj
         Debug\oneTwoCountSpec.obj
         Debug\removeArrayDuplicatesSpec.obj
         Debug\scoresDescendingSortSpec.obj
         Debug\sortedArrayInsertNumberSpec.obj
         Debug\sortedArrayPositionsChangeSpec.obj
         Debug\stdafx.obj
         Debug\studentsCountSpec.obj
         Debug\topKStudentsSpec.obj
     1>LINK : fatal error LNK1104: cannot open file 'C:\Users\TANGIRALA\MissionRnDProjects\C_Arrays\Debug\spec.dll'
     1>Done Building Project "C:\Users\TANGIRALA\MissionRnDProjects\C_Arrays\spec\spec.vcxproj" (Build target(s)) -- FAILED.

Build FAILED.

Time Elapsed 00:00:00.42
